<html>
<head>
<title>TestNG:  Default test</title>
<link href="../testng.css" rel="stylesheet" type="text/css" />
<link href="../my-testng.css" rel="stylesheet" type="text/css" />

<style type="text/css">
.log { display: none;} 
.stack-trace { display: none;} 
</style>
<script type="text/javascript">
<!--
function flip(e) {
  current = e.style.display;
  if (current == 'block') {
    e.style.display = 'none';
    return 0;
  }
  else {
    e.style.display = 'block';
    return 1;
  }
}

function toggleBox(szDivId, elem, msg1, msg2)
{
  var res = -1;  if (document.getElementById) {
    res = flip(document.getElementById(szDivId));
  }
  else if (document.all) {
    // this is the way old msie versions work
    res = flip(document.all[szDivId]);
  }
  if(elem) {
    if(res == 0) elem.innerHTML = msg1; else elem.innerHTML = msg2;
  }

}

function toggleAllBoxes() {
  if (document.getElementsByTagName) {
    d = document.getElementsByTagName('div');
    for (i = 0; i < d.length; i++) {
      if (d[i].className == 'log') {
        flip(d[i]);
      }
    }
  }
}

// -->
</script>

</head>
<body>
<h2 align='center'>Default test</h2><table border='1' align="center">
<tr>
<td>Tests passed/Failed/Skipped:</td><td>0/2/0</td>
</tr><tr>
<td>Started on:</td><td>Thu Dec 25 15:06:55 FET 2014</td>
</tr>
<tr><td>Total time:</td><td>19 seconds (19164 ms)</td>
</tr><tr>
<td>Included groups:</td><td></td>
</tr><tr>
<td>Excluded groups:</td><td></td>
</tr>
</table><p/>
<small><i>(Hover the method name to see the test class name)</i></small><p/>
<table width='100%' border='1' class='invocation-failed'>
<tr><td colspan='4' align='center'><b>FAILED TESTS</b></td></tr>
<tr><td><b>Test method</b></td>
<td width="30%"><b>Exception</b></td>
<td width="10%"><b>Time (seconds)</b></td>
<td><b>Instance</b></td>
</tr>
<tr>
<td title='com.example.tests.AdressCreateTest.testAddressCreationwithValidData()'><b>testAddressCreationwithValidData</b><br>Test class: com.example.tests.AdressCreateTest<br>Parameters: AddressDate [fname=test882833597, lastname=test59885026, address=test-695962515, home=test-447704925, mobile=test-1436612672, work=test-424119630, email=test-220333039, email2=test713023424, bday=1, bmonth=January, byear=1980, groupdate=group1, address2=test333685162, phone2=test-1552370259]</td>
<td><div><pre>java.lang.AssertionError: Lists differ at element [28]: AddressDate [fname=, lastname=test844451170, address=, home=, mobile=, work=, email=, email2=, bday=, bmonth=, byear=, groupdate=, address2=, phone2=] != AddressDate [fname=, lastname=test59885026, address=, home=, mobile=, work=, email=, email2=, bday=, bmonth=, byear=, groupdate=, address2=, phone2=] expected [AddressDate [fname=, lastname=test844451170, address=, home=, mobile=, work=, email=, email2=, bday=, bmonth=, byear=, groupdate=, address2=, phone2=]] but found [AddressDate [fname=, lastname=test59885026, address=, home=, mobile=, work=, email=, email2=, bday=, bmonth=, byear=, groupdate=, address2=, phone2=]]
	at org.testng.Assert.fail(Assert.java:94)
	at org.testng.Assert.failNotEquals(Assert.java:494)
	at org.testng.Assert.assertEquals(Assert.java:123)
	at org.testng.Assert.assertEquals(Assert.java:549)
	at org.testng.Assert.assertEquals(Assert.java:514)
	at com.example.tests.AdressCreateTest.testAddressCreationwithValidData(AdressCreateTest.java:49)
	at sun.reflect.NativeMethodAccessorImpl.invoke0(Native Method)
	at sun.reflect.NativeMethodAccessorImpl.invoke(Unknown Source)
	at sun.reflect.DelegatingMethodAccessorImpl.invoke(Unknown Source)
	at java.lang.reflect.Method.invoke(Unknown Source)
	at org.testng.internal.MethodInvocationHelper.invokeMethod(MethodInvocationHelper.java:84)
	at org.testng.internal.Invoker.invokeMethod(Invoker.java:714)
	at org.testng.internal.Invoker.invokeTestMethod(Invoker.java:901)
	at org.testng.internal.Invoker.invokeTestMethods(Invoker.java:1231)
	at org.testng.internal.TestMethodWorker.invokeTestMethods(TestMethodWorker.java:127)
	at org.testng.internal.TestMethodWorker.run(TestMethodWorker.java:111)
	at org.testng.TestRunner.privateRun(TestRunner.java:767)
	at org.testng.TestRunner.run(TestRunner.java:617)
	at org.testng.SuiteRunner.runTest(SuiteRunner.java:334)
	at org.testng.SuiteRunner.runSequentially(SuiteRunner.java:329)
	at org.testng.SuiteRunner.privateRun(SuiteRunner.java:291)
	at org.testng.SuiteRunner.run(SuiteRunner.java:240)
	at org.testng.SuiteRunnerWorker.runSuite(SuiteRunnerWorker.java:52)
	at org.testng.SuiteRunnerWorker.run(SuiteRunnerWorker.java:86)
	at org.testng.TestNG.runSuitesSequentially(TestNG.java:1224)
	at org.testng.TestNG.runSuitesLocally(TestNG.java:1149)
	at org.testng.TestNG.run(TestNG.java:1057)
	at org.testng.remote.RemoteTestNG.run(RemoteTestNG.java:111)
	at org.testng.remote.RemoteTestNG.initAndRun(RemoteTestNG.java:204)
	at org.testng.remote.RemoteTestNG.main(RemoteTestNG.java:175)
</pre></div><a href='#' onClick='toggleBox("stack-trace1823541245", this, "Click to show all stack frames", "Click to hide stack frames")'>Click to show all stack frames</a>
<div class='stack-trace' id='stack-trace1823541245'><pre>java.lang.AssertionError: Lists differ at element [28]: AddressDate [fname=, lastname=test844451170, address=, home=, mobile=, work=, email=, email2=, bday=, bmonth=, byear=, groupdate=, address2=, phone2=] != AddressDate [fname=, lastname=test59885026, address=, home=, mobile=, work=, email=, email2=, bday=, bmonth=, byear=, groupdate=, address2=, phone2=] expected [AddressDate [fname=, lastname=test844451170, address=, home=, mobile=, work=, email=, email2=, bday=, bmonth=, byear=, groupdate=, address2=, phone2=]] but found [AddressDate [fname=, lastname=test59885026, address=, home=, mobile=, work=, email=, email2=, bday=, bmonth=, byear=, groupdate=, address2=, phone2=]]
	at org.testng.Assert.fail(Assert.java:94)
	at org.testng.Assert.failNotEquals(Assert.java:494)
	at org.testng.Assert.assertEquals(Assert.java:123)
	at org.testng.Assert.assertEquals(Assert.java:549)
	at org.testng.Assert.assertEquals(Assert.java:514)
	at com.example.tests.AdressCreateTest.testAddressCreationwithValidData(AdressCreateTest.java:49)
	at sun.reflect.NativeMethodAccessorImpl.invoke0(Native Method)
	at sun.reflect.NativeMethodAccessorImpl.invoke(Unknown Source)
	at sun.reflect.DelegatingMethodAccessorImpl.invoke(Unknown Source)
	at java.lang.reflect.Method.invoke(Unknown Source)
	at org.testng.internal.MethodInvocationHelper.invokeMethod(MethodInvocationHelper.java:84)
	at org.testng.internal.Invoker.invokeMethod(Invoker.java:714)
	at org.testng.internal.Invoker.invokeTestMethod(Invoker.java:901)
	at org.testng.internal.Invoker.invokeTestMethods(Invoker.java:1231)
	at org.testng.internal.TestMethodWorker.invokeTestMethods(TestMethodWorker.java:127)
	at org.testng.internal.TestMethodWorker.run(TestMethodWorker.java:111)
	at org.testng.TestRunner.privateRun(TestRunner.java:767)
	at org.testng.TestRunner.run(TestRunner.java:617)
	at org.testng.SuiteRunner.runTest(SuiteRunner.java:334)
	at org.testng.SuiteRunner.runSequentially(SuiteRunner.java:329)
	at org.testng.SuiteRunner.privateRun(SuiteRunner.java:291)
	at org.testng.SuiteRunner.run(SuiteRunner.java:240)
	at org.testng.SuiteRunnerWorker.runSuite(SuiteRunnerWorker.java:52)
	at org.testng.SuiteRunnerWorker.run(SuiteRunnerWorker.java:86)
	at org.testng.TestNG.runSuitesSequentially(TestNG.java:1224)
	at org.testng.TestNG.runSuitesLocally(TestNG.java:1149)
	at org.testng.TestNG.run(TestNG.java:1057)
	at org.testng.remote.RemoteTestNG.run(RemoteTestNG.java:111)
	at org.testng.remote.RemoteTestNG.initAndRun(RemoteTestNG.java:204)
	at org.testng.remote.RemoteTestNG.main(RemoteTestNG.java:175)
</pre></div></td>
<td>5</td>
<td>com.example.tests.AdressCreateTest@2d6d8735</td></tr>
<tr>
<td title='com.example.tests.AdressCreateTest.testAddressCreationwithValidData()'><b>testAddressCreationwithValidData</b><br>Test class: com.example.tests.AdressCreateTest<br>Parameters: AddressDate [fname= , lastname=test-466624878, address=test-1651473879, home=test27277766, mobile=test1451355947, work=test2082505818, email=test798327903, email2=test-1701649297, bday=1, bmonth=January, byear=1980, groupdate=group1, address2=test1905261381, phone2=test-1039847702]</td>
<td><div><pre>java.lang.AssertionError: Lists differ at element [21]: AddressDate [fname=, lastname=test1141668914, address=, home=, mobile=, work=, email=, email2=, bday=, bmonth=, byear=, groupdate=, address2=, phone2=] != AddressDate [fname=, lastname=test-466624878, address=, home=, mobile=, work=, email=, email2=, bday=, bmonth=, byear=, groupdate=, address2=, phone2=] expected [AddressDate [fname=, lastname=test1141668914, address=, home=, mobile=, work=, email=, email2=, bday=, bmonth=, byear=, groupdate=, address2=, phone2=]] but found [AddressDate [fname=, lastname=test-466624878, address=, home=, mobile=, work=, email=, email2=, bday=, bmonth=, byear=, groupdate=, address2=, phone2=]]
	at org.testng.Assert.fail(Assert.java:94)
	at org.testng.Assert.failNotEquals(Assert.java:494)
	at org.testng.Assert.assertEquals(Assert.java:123)
	at org.testng.Assert.assertEquals(Assert.java:549)
	at org.testng.Assert.assertEquals(Assert.java:514)
	at com.example.tests.AdressCreateTest.testAddressCreationwithValidData(AdressCreateTest.java:49)
	at sun.reflect.NativeMethodAccessorImpl.invoke0(Native Method)
	at sun.reflect.NativeMethodAccessorImpl.invoke(Unknown Source)
	at sun.reflect.DelegatingMethodAccessorImpl.invoke(Unknown Source)
	at java.lang.reflect.Method.invoke(Unknown Source)
	at org.testng.internal.MethodInvocationHelper.invokeMethod(MethodInvocationHelper.java:84)
	at org.testng.internal.Invoker.invokeMethod(Invoker.java:714)
	at org.testng.internal.Invoker.invokeTestMethod(Invoker.java:901)
	at org.testng.internal.Invoker.invokeTestMethods(Invoker.java:1231)
	at org.testng.internal.TestMethodWorker.invokeTestMethods(TestMethodWorker.java:127)
	at org.testng.internal.TestMethodWorker.run(TestMethodWorker.java:111)
	at org.testng.TestRunner.privateRun(TestRunner.java:767)
	at org.testng.TestRunner.run(TestRunner.java:617)
	at org.testng.SuiteRunner.runTest(SuiteRunner.java:334)
	at org.testng.SuiteRunner.runSequentially(SuiteRunner.java:329)
	at org.testng.SuiteRunner.privateRun(SuiteRunner.java:291)
	at org.testng.SuiteRunner.run(SuiteRunner.java:240)
	at org.testng.SuiteRunnerWorker.runSuite(SuiteRunnerWorker.java:52)
	at org.testng.SuiteRunnerWorker.run(SuiteRunnerWorker.java:86)
	at org.testng.TestNG.runSuitesSequentially(TestNG.java:1224)
	at org.testng.TestNG.runSuitesLocally(TestNG.java:1149)
	at org.testng.TestNG.run(TestNG.java:1057)
	at org.testng.remote.RemoteTestNG.run(RemoteTestNG.java:111)
	at org.testng.remote.RemoteTestNG.initAndRun(RemoteTestNG.java:204)
	at org.testng.remote.RemoteTestNG.main(RemoteTestNG.java:175)
</pre></div><a href='#' onClick='toggleBox("stack-trace1954985045", this, "Click to show all stack frames", "Click to hide stack frames")'>Click to show all stack frames</a>
<div class='stack-trace' id='stack-trace1954985045'><pre>java.lang.AssertionError: Lists differ at element [21]: AddressDate [fname=, lastname=test1141668914, address=, home=, mobile=, work=, email=, email2=, bday=, bmonth=, byear=, groupdate=, address2=, phone2=] != AddressDate [fname=, lastname=test-466624878, address=, home=, mobile=, work=, email=, email2=, bday=, bmonth=, byear=, groupdate=, address2=, phone2=] expected [AddressDate [fname=, lastname=test1141668914, address=, home=, mobile=, work=, email=, email2=, bday=, bmonth=, byear=, groupdate=, address2=, phone2=]] but found [AddressDate [fname=, lastname=test-466624878, address=, home=, mobile=, work=, email=, email2=, bday=, bmonth=, byear=, groupdate=, address2=, phone2=]]
	at org.testng.Assert.fail(Assert.java:94)
	at org.testng.Assert.failNotEquals(Assert.java:494)
	at org.testng.Assert.assertEquals(Assert.java:123)
	at org.testng.Assert.assertEquals(Assert.java:549)
	at org.testng.Assert.assertEquals(Assert.java:514)
	at com.example.tests.AdressCreateTest.testAddressCreationwithValidData(AdressCreateTest.java:49)
	at sun.reflect.NativeMethodAccessorImpl.invoke0(Native Method)
	at sun.reflect.NativeMethodAccessorImpl.invoke(Unknown Source)
	at sun.reflect.DelegatingMethodAccessorImpl.invoke(Unknown Source)
	at java.lang.reflect.Method.invoke(Unknown Source)
	at org.testng.internal.MethodInvocationHelper.invokeMethod(MethodInvocationHelper.java:84)
	at org.testng.internal.Invoker.invokeMethod(Invoker.java:714)
	at org.testng.internal.Invoker.invokeTestMethod(Invoker.java:901)
	at org.testng.internal.Invoker.invokeTestMethods(Invoker.java:1231)
	at org.testng.internal.TestMethodWorker.invokeTestMethods(TestMethodWorker.java:127)
	at org.testng.internal.TestMethodWorker.run(TestMethodWorker.java:111)
	at org.testng.TestRunner.privateRun(TestRunner.java:767)
	at org.testng.TestRunner.run(TestRunner.java:617)
	at org.testng.SuiteRunner.runTest(SuiteRunner.java:334)
	at org.testng.SuiteRunner.runSequentially(SuiteRunner.java:329)
	at org.testng.SuiteRunner.privateRun(SuiteRunner.java:291)
	at org.testng.SuiteRunner.run(SuiteRunner.java:240)
	at org.testng.SuiteRunnerWorker.runSuite(SuiteRunnerWorker.java:52)
	at org.testng.SuiteRunnerWorker.run(SuiteRunnerWorker.java:86)
	at org.testng.TestNG.runSuitesSequentially(TestNG.java:1224)
	at org.testng.TestNG.runSuitesLocally(TestNG.java:1149)
	at org.testng.TestNG.run(TestNG.java:1057)
	at org.testng.remote.RemoteTestNG.run(RemoteTestNG.java:111)
	at org.testng.remote.RemoteTestNG.initAndRun(RemoteTestNG.java:204)
	at org.testng.remote.RemoteTestNG.main(RemoteTestNG.java:175)
</pre></div></td>
<td>5</td>
<td>com.example.tests.AdressCreateTest@2d6d8735</td></tr>
</table><p>
</body>
</html>