<?xml version="1.0" encoding="UTF-8"?>
<!-- Generated by org.testng.reporters.JUnitReportReporter -->
<testsuite hostname="gazmeeva-s" name="com.example.tests.GroupeMidifyTest" tests="5" failures="0" timestamp="24 Dec 2014 13:53:19 GMT" time="21.474" errors="5">
  <testcase name="modifyGroup" time="3.398" classname="com.example.tests.GroupeMidifyTest">
    <error type="java.lang.AssertionError" message="expected:&lt;[GroupDate [groupname=, header=null,footer=null ], GroupDate [groupname=, header=null,footer=null ], GroupDate [groupname=2, header=null,footer=null ], GroupDate [groupname=groupe name 1, header=null,footer=null ], GroupDate [groupname=groupe name 1, header=null,footer=null ], GroupDate [groupname=groupe name 1, header=null,footer=null ], GroupDate [groupname=groupe name 1, header=null,footer=null ], GroupDate [groupname=groupe name 1, header=null,footer=null ], GroupDate [groupname=groupe name 1, header=null,footer=null ], GroupDate [groupname=groupe name 1, header=null,footer=null ], GroupDate [groupname=groupe name 1, header=null,footer=null ], GroupDate [groupname=groupe name 1, header=null,footer=null ], GroupDate [groupname=Rob, header=null,footer=null ], GroupDate [groupname=test-261316381, header=null,footer=null ], GroupDate [groupname=test-348524762, header=test-870979000,footer=test439380371 ], GroupDate [groupname=test-398119315, header=null,footer=null ], GroupDate [groupname=test1151848112, header=null,footer=null ], GroupDate [groupname=test1273090579, header=null,footer=null ], GroupDate [groupname=test1334278374, header=null,footer=null ], GroupDate [groupname=test1834437594, header=null,footer=null ], GroupDate [groupname=test2049750123, header=null,footer=null ], GroupDate [groupname=test2115190438, header=null,footer=null ], GroupDate [groupname=test761709821, header=null,footer=null ]]&gt; but was:&lt;[GroupDate [groupname=, header=null,footer=null ], GroupDate [groupname=, header=null,footer=null ], GroupDate [groupname=2, header=null,footer=null ], GroupDate [groupname=groupe name 1, header=null,footer=null ], GroupDate [groupname=groupe name 1, header=null,footer=null ], GroupDate [groupname=groupe name 1, header=null,footer=null ], GroupDate [groupname=groupe name 1, header=null,footer=null ], GroupDate [groupname=groupe name 1, header=null,footer=null ], GroupDate [groupname=groupe name 1, header=null,footer=null ], GroupDate [groupname=groupe name 1, header=null,footer=null ], GroupDate [groupname=groupe name 1, header=null,footer=null ], GroupDate [groupname=groupe name 1, header=null,footer=null ], GroupDate [groupname=Rob, header=null,footer=null ], GroupDate [groupname=test-1100809476, header=null,footer=null ], GroupDate [groupname=test-261316381, header=null,footer=null ], GroupDate [groupname=test-398119315, header=null,footer=null ], GroupDate [groupname=test1151848112, header=null,footer=null ], GroupDate [groupname=test1273090579, header=null,footer=null ], GroupDate [groupname=test1334278374, header=null,footer=null ], GroupDate [groupname=test1834437594, header=null,footer=null ], GroupDate [groupname=test2049750123, header=null,footer=null ], GroupDate [groupname=test2115190438, header=null,footer=null ], GroupDate [groupname=test761709821, header=null,footer=null ]]&gt;">
      <![CDATA[java.lang.AssertionError: expected:<[GroupDate [groupname=, header=null,footer=null ], GroupDate [groupname=, header=null,footer=null ], GroupDate [groupname=2, header=null,footer=null ], GroupDate [groupname=groupe name 1, header=null,footer=null ], GroupDate [groupname=groupe name 1, header=null,footer=null ], GroupDate [groupname=groupe name 1, header=null,footer=null ], GroupDate [groupname=groupe name 1, header=null,footer=null ], GroupDate [groupname=groupe name 1, header=null,footer=null ], GroupDate [groupname=groupe name 1, header=null,footer=null ], GroupDate [groupname=groupe name 1, header=null,footer=null ], GroupDate [groupname=groupe name 1, header=null,footer=null ], GroupDate [groupname=groupe name 1, header=null,footer=null ], GroupDate [groupname=Rob, header=null,footer=null ], GroupDate [groupname=test-261316381, header=null,footer=null ], GroupDate [groupname=test-348524762, header=test-870979000,footer=test439380371 ], GroupDate [groupname=test-398119315, header=null,footer=null ], GroupDate [groupname=test1151848112, header=null,footer=null ], GroupDate [groupname=test1273090579, header=null,footer=null ], GroupDate [groupname=test1334278374, header=null,footer=null ], GroupDate [groupname=test1834437594, header=null,footer=null ], GroupDate [groupname=test2049750123, header=null,footer=null ], GroupDate [groupname=test2115190438, header=null,footer=null ], GroupDate [groupname=test761709821, header=null,footer=null ]]]]><![CDATA[> but was:<[GroupDate [groupname=, header=null,footer=null ], GroupDate [groupname=, header=null,footer=null ], GroupDate [groupname=2, header=null,footer=null ], GroupDate [groupname=groupe name 1, header=null,footer=null ], GroupDate [groupname=groupe name 1, header=null,footer=null ], GroupDate [groupname=groupe name 1, header=null,footer=null ], GroupDate [groupname=groupe name 1, header=null,footer=null ], GroupDate [groupname=groupe name 1, header=null,footer=null ], GroupDate [groupname=groupe name 1, header=null,footer=null ], GroupDate [groupname=groupe name 1, header=null,footer=null ], GroupDate [groupname=groupe name 1, header=null,footer=null ], GroupDate [groupname=groupe name 1, header=null,footer=null ], GroupDate [groupname=Rob, header=null,footer=null ], GroupDate [groupname=test-1100809476, header=null,footer=null ], GroupDate [groupname=test-261316381, header=null,footer=null ], GroupDate [groupname=test-398119315, header=null,footer=null ], GroupDate [groupname=test1151848112, header=null,footer=null ], GroupDate [groupname=test1273090579, header=null,footer=null ], GroupDate [groupname=test1334278374, header=null,footer=null ], GroupDate [groupname=test1834437594, header=null,footer=null ], GroupDate [groupname=test2049750123, header=null,footer=null ], GroupDate [groupname=test2115190438, header=null,footer=null ], GroupDate [groupname=test761709821, header=null,footer=null ]]]]><![CDATA[>
	at org.testng.AssertJUnit.fail(AssertJUnit.java:59)
	at org.testng.AssertJUnit.failNotEquals(AssertJUnit.java:364)
	at org.testng.AssertJUnit.assertEquals(AssertJUnit.java:80)
	at org.testng.AssertJUnit.assertEquals(AssertJUnit.java:88)
	at com.example.tests.GroupeMidifyTest.modifyGroup(GroupeMidifyTest.java:41)
	at sun.reflect.NativeMethodAccessorImpl.invoke0(Native Method)
	at sun.reflect.NativeMethodAccessorImpl.invoke(Unknown Source)
	at sun.reflect.DelegatingMethodAccessorImpl.invoke(Unknown Source)
	at java.lang.reflect.Method.invoke(Unknown Source)
	at org.testng.internal.MethodInvocationHelper.invokeMethod(MethodInvocationHelper.java:84)
	at org.testng.internal.Invoker.invokeMethod(Invoker.java:714)
	at org.testng.internal.Invoker.invokeTestMethod(Invoker.java:901)
	at org.testng.internal.Invoker.invokeTestMethods(Invoker.java:1231)
	at org.testng.internal.TestMethodWorker.invokeTestMethods(TestMethodWorker.java:127)
	at org.testng.internal.TestMethodWorker.run(TestMethodWorker.java:111)
	at org.testng.TestRunner.privateRun(TestRunner.java:767)
	at org.testng.TestRunner.run(TestRunner.java:617)
	at org.testng.SuiteRunner.runTest(SuiteRunner.java:334)
	at org.testng.SuiteRunner.runSequentially(SuiteRunner.java:329)
	at org.testng.SuiteRunner.privateRun(SuiteRunner.java:291)
	at org.testng.SuiteRunner.run(SuiteRunner.java:240)
	at org.testng.SuiteRunnerWorker.runSuite(SuiteRunnerWorker.java:52)
	at org.testng.SuiteRunnerWorker.run(SuiteRunnerWorker.java:86)
	at org.testng.TestNG.runSuitesSequentially(TestNG.java:1224)
	at org.testng.TestNG.runSuitesLocally(TestNG.java:1149)
	at org.testng.TestNG.run(TestNG.java:1057)
	at org.testng.remote.RemoteTestNG.run(RemoteTestNG.java:111)
	at org.testng.remote.RemoteTestNG.initAndRun(RemoteTestNG.java:204)
	at org.testng.remote.RemoteTestNG.main(RemoteTestNG.java:175)
]]>
    </error>
  </testcase> <!-- modifyGroup -->
  <testcase name="modifyGroup" time="3.820" classname="com.example.tests.GroupeMidifyTest">
    <error type="java.lang.AssertionError" message="expected:&lt;[GroupDate [groupname=, header=null,footer=null ], GroupDate [groupname=, header=null,footer=null ], GroupDate [groupname=2, header=null,footer=null ], GroupDate [groupname=groupe name 1, header=null,footer=null ], GroupDate [groupname=groupe name 1, header=null,footer=null ], GroupDate [groupname=groupe name 1, header=null,footer=null ], GroupDate [groupname=groupe name 1, header=null,footer=null ], GroupDate [groupname=groupe name 1, header=null,footer=null ], GroupDate [groupname=groupe name 1, header=null,footer=null ], GroupDate [groupname=groupe name 1, header=null,footer=null ], GroupDate [groupname=groupe name 1, header=null,footer=null ], GroupDate [groupname=groupe name 1, header=null,footer=null ], GroupDate [groupname=Rob, header=null,footer=null ], GroupDate [groupname=test-1100809476, header=null,footer=null ], GroupDate [groupname=test-261316381, header=null,footer=null ], GroupDate [groupname=test-398119315, header=null,footer=null ], GroupDate [groupname=test-870897156, header= ,footer=test-780177136 ], GroupDate [groupname=test1151848112, header=null,footer=null ], GroupDate [groupname=test1273090579, header=null,footer=null ], GroupDate [groupname=test1834437594, header=null,footer=null ], GroupDate [groupname=test2049750123, header=null,footer=null ], GroupDate [groupname=test2115190438, header=null,footer=null ], GroupDate [groupname=test761709821, header=null,footer=null ]]&gt; but was:&lt;[GroupDate [groupname=, header=null,footer=null ], GroupDate [groupname=, header=null,footer=null ], GroupDate [groupname=2, header=null,footer=null ], GroupDate [groupname=groupe name 1, header=null,footer=null ], GroupDate [groupname=groupe name 1, header=null,footer=null ], GroupDate [groupname=groupe name 1, header=null,footer=null ], GroupDate [groupname=groupe name 1, header=null,footer=null ], GroupDate [groupname=groupe name 1, header=null,footer=null ], GroupDate [groupname=groupe name 1, header=null,footer=null ], GroupDate [groupname=groupe name 1, header=null,footer=null ], GroupDate [groupname=groupe name 1, header=null,footer=null ], GroupDate [groupname=groupe name 1, header=null,footer=null ], GroupDate [groupname=Rob, header=null,footer=null ], GroupDate [groupname=test-1100809476, header=null,footer=null ], GroupDate [groupname=test-261316381, header=null,footer=null ], GroupDate [groupname=test-398119315, header=null,footer=null ], GroupDate [groupname=test1151848112, header=null,footer=null ], GroupDate [groupname=test1273090579, header=null,footer=null ], GroupDate [groupname=test1334278374, header=null,footer=null ], GroupDate [groupname=test1834437594, header=null,footer=null ], GroupDate [groupname=test2049750123, header=null,footer=null ], GroupDate [groupname=test2115190438, header=null,footer=null ], GroupDate [groupname=test761709821, header=null,footer=null ]]&gt;">
      <![CDATA[java.lang.AssertionError: expected:<[GroupDate [groupname=, header=null,footer=null ], GroupDate [groupname=, header=null,footer=null ], GroupDate [groupname=2, header=null,footer=null ], GroupDate [groupname=groupe name 1, header=null,footer=null ], GroupDate [groupname=groupe name 1, header=null,footer=null ], GroupDate [groupname=groupe name 1, header=null,footer=null ], GroupDate [groupname=groupe name 1, header=null,footer=null ], GroupDate [groupname=groupe name 1, header=null,footer=null ], GroupDate [groupname=groupe name 1, header=null,footer=null ], GroupDate [groupname=groupe name 1, header=null,footer=null ], GroupDate [groupname=groupe name 1, header=null,footer=null ], GroupDate [groupname=groupe name 1, header=null,footer=null ], GroupDate [groupname=Rob, header=null,footer=null ], GroupDate [groupname=test-1100809476, header=null,footer=null ], GroupDate [groupname=test-261316381, header=null,footer=null ], GroupDate [groupname=test-398119315, header=null,footer=null ], GroupDate [groupname=test-870897156, header= ,footer=test-780177136 ], GroupDate [groupname=test1151848112, header=null,footer=null ], GroupDate [groupname=test1273090579, header=null,footer=null ], GroupDate [groupname=test1834437594, header=null,footer=null ], GroupDate [groupname=test2049750123, header=null,footer=null ], GroupDate [groupname=test2115190438, header=null,footer=null ], GroupDate [groupname=test761709821, header=null,footer=null ]]]]><![CDATA[> but was:<[GroupDate [groupname=, header=null,footer=null ], GroupDate [groupname=, header=null,footer=null ], GroupDate [groupname=2, header=null,footer=null ], GroupDate [groupname=groupe name 1, header=null,footer=null ], GroupDate [groupname=groupe name 1, header=null,footer=null ], GroupDate [groupname=groupe name 1, header=null,footer=null ], GroupDate [groupname=groupe name 1, header=null,footer=null ], GroupDate [groupname=groupe name 1, header=null,footer=null ], GroupDate [groupname=groupe name 1, header=null,footer=null ], GroupDate [groupname=groupe name 1, header=null,footer=null ], GroupDate [groupname=groupe name 1, header=null,footer=null ], GroupDate [groupname=groupe name 1, header=null,footer=null ], GroupDate [groupname=Rob, header=null,footer=null ], GroupDate [groupname=test-1100809476, header=null,footer=null ], GroupDate [groupname=test-261316381, header=null,footer=null ], GroupDate [groupname=test-398119315, header=null,footer=null ], GroupDate [groupname=test1151848112, header=null,footer=null ], GroupDate [groupname=test1273090579, header=null,footer=null ], GroupDate [groupname=test1334278374, header=null,footer=null ], GroupDate [groupname=test1834437594, header=null,footer=null ], GroupDate [groupname=test2049750123, header=null,footer=null ], GroupDate [groupname=test2115190438, header=null,footer=null ], GroupDate [groupname=test761709821, header=null,footer=null ]]]]><![CDATA[>
	at org.testng.AssertJUnit.fail(AssertJUnit.java:59)
	at org.testng.AssertJUnit.failNotEquals(AssertJUnit.java:364)
	at org.testng.AssertJUnit.assertEquals(AssertJUnit.java:80)
	at org.testng.AssertJUnit.assertEquals(AssertJUnit.java:88)
	at com.example.tests.GroupeMidifyTest.modifyGroup(GroupeMidifyTest.java:41)
	at sun.reflect.NativeMethodAccessorImpl.invoke0(Native Method)
	at sun.reflect.NativeMethodAccessorImpl.invoke(Unknown Source)
	at sun.reflect.DelegatingMethodAccessorImpl.invoke(Unknown Source)
	at java.lang.reflect.Method.invoke(Unknown Source)
	at org.testng.internal.MethodInvocationHelper.invokeMethod(MethodInvocationHelper.java:84)
	at org.testng.internal.Invoker.invokeMethod(Invoker.java:714)
	at org.testng.internal.Invoker.invokeTestMethod(Invoker.java:901)
	at org.testng.internal.Invoker.invokeTestMethods(Invoker.java:1231)
	at org.testng.internal.TestMethodWorker.invokeTestMethods(TestMethodWorker.java:127)
	at org.testng.internal.TestMethodWorker.run(TestMethodWorker.java:111)
	at org.testng.TestRunner.privateRun(TestRunner.java:767)
	at org.testng.TestRunner.run(TestRunner.java:617)
	at org.testng.SuiteRunner.runTest(SuiteRunner.java:334)
	at org.testng.SuiteRunner.runSequentially(SuiteRunner.java:329)
	at org.testng.SuiteRunner.privateRun(SuiteRunner.java:291)
	at org.testng.SuiteRunner.run(SuiteRunner.java:240)
	at org.testng.SuiteRunnerWorker.runSuite(SuiteRunnerWorker.java:52)
	at org.testng.SuiteRunnerWorker.run(SuiteRunnerWorker.java:86)
	at org.testng.TestNG.runSuitesSequentially(TestNG.java:1224)
	at org.testng.TestNG.runSuitesLocally(TestNG.java:1149)
	at org.testng.TestNG.run(TestNG.java:1057)
	at org.testng.remote.RemoteTestNG.run(RemoteTestNG.java:111)
	at org.testng.remote.RemoteTestNG.initAndRun(RemoteTestNG.java:204)
	at org.testng.remote.RemoteTestNG.main(RemoteTestNG.java:175)
]]>
    </error>
  </testcase> <!-- modifyGroup -->
  <testcase name="modifyGroup" time="4.304" classname="com.example.tests.GroupeMidifyTest">
    <error type="java.lang.AssertionError" message="expected:&lt;[GroupDate [groupname=, header=null,footer=null ], GroupDate [groupname=2, header=null,footer=null ], GroupDate [groupname=groupe name 1, header=null,footer=null ], GroupDate [groupname=groupe name 1, header=null,footer=null ], GroupDate [groupname=groupe name 1, header=null,footer=null ], GroupDate [groupname=groupe name 1, header=null,footer=null ], GroupDate [groupname=groupe name 1, header=null,footer=null ], GroupDate [groupname=groupe name 1, header=null,footer=null ], GroupDate [groupname=groupe name 1, header=null,footer=null ], GroupDate [groupname=groupe name 1, header=null,footer=null ], GroupDate [groupname=groupe name 1, header=null,footer=null ], GroupDate [groupname=Rob, header=null,footer=null ], GroupDate [groupname=test-1100809476, header=null,footer=null ], GroupDate [groupname=test-261316381, header=null,footer=null ], GroupDate [groupname=test-398119315, header=null,footer=null ], GroupDate [groupname=test-426355771, header= ,footer=test114636801 ], GroupDate [groupname=test1151848112, header=null,footer=null ], GroupDate [groupname=test1273090579, header=null,footer=null ], GroupDate [groupname=test1334278374, header=null,footer=null ], GroupDate [groupname=test1834437594, header=null,footer=null ], GroupDate [groupname=test2049750123, header=null,footer=null ], GroupDate [groupname=test2115190438, header=null,footer=null ], GroupDate [groupname=test761709821, header=null,footer=null ]]&gt; but was:&lt;[GroupDate [groupname=, header=null,footer=null ], GroupDate [groupname=, header=null,footer=null ], GroupDate [groupname=2, header=null,footer=null ], GroupDate [groupname=groupe name 1, header=null,footer=null ], GroupDate [groupname=groupe name 1, header=null,footer=null ], GroupDate [groupname=groupe name 1, header=null,footer=null ], GroupDate [groupname=groupe name 1, header=null,footer=null ], GroupDate [groupname=groupe name 1, header=null,footer=null ], GroupDate [groupname=groupe name 1, header=null,footer=null ], GroupDate [groupname=groupe name 1, header=null,footer=null ], GroupDate [groupname=groupe name 1, header=null,footer=null ], GroupDate [groupname=groupe name 1, header=null,footer=null ], GroupDate [groupname=Rob, header=null,footer=null ], GroupDate [groupname=test-1100809476, header=null,footer=null ], GroupDate [groupname=test-261316381, header=null,footer=null ], GroupDate [groupname=test-398119315, header=null,footer=null ], GroupDate [groupname=test1151848112, header=null,footer=null ], GroupDate [groupname=test1273090579, header=null,footer=null ], GroupDate [groupname=test1334278374, header=null,footer=null ], GroupDate [groupname=test1834437594, header=null,footer=null ], GroupDate [groupname=test2049750123, header=null,footer=null ], GroupDate [groupname=test2115190438, header=null,footer=null ], GroupDate [groupname=test761709821, header=null,footer=null ]]&gt;">
      <![CDATA[java.lang.AssertionError: expected:<[GroupDate [groupname=, header=null,footer=null ], GroupDate [groupname=2, header=null,footer=null ], GroupDate [groupname=groupe name 1, header=null,footer=null ], GroupDate [groupname=groupe name 1, header=null,footer=null ], GroupDate [groupname=groupe name 1, header=null,footer=null ], GroupDate [groupname=groupe name 1, header=null,footer=null ], GroupDate [groupname=groupe name 1, header=null,footer=null ], GroupDate [groupname=groupe name 1, header=null,footer=null ], GroupDate [groupname=groupe name 1, header=null,footer=null ], GroupDate [groupname=groupe name 1, header=null,footer=null ], GroupDate [groupname=groupe name 1, header=null,footer=null ], GroupDate [groupname=Rob, header=null,footer=null ], GroupDate [groupname=test-1100809476, header=null,footer=null ], GroupDate [groupname=test-261316381, header=null,footer=null ], GroupDate [groupname=test-398119315, header=null,footer=null ], GroupDate [groupname=test-426355771, header= ,footer=test114636801 ], GroupDate [groupname=test1151848112, header=null,footer=null ], GroupDate [groupname=test1273090579, header=null,footer=null ], GroupDate [groupname=test1334278374, header=null,footer=null ], GroupDate [groupname=test1834437594, header=null,footer=null ], GroupDate [groupname=test2049750123, header=null,footer=null ], GroupDate [groupname=test2115190438, header=null,footer=null ], GroupDate [groupname=test761709821, header=null,footer=null ]]]]><![CDATA[> but was:<[GroupDate [groupname=, header=null,footer=null ], GroupDate [groupname=, header=null,footer=null ], GroupDate [groupname=2, header=null,footer=null ], GroupDate [groupname=groupe name 1, header=null,footer=null ], GroupDate [groupname=groupe name 1, header=null,footer=null ], GroupDate [groupname=groupe name 1, header=null,footer=null ], GroupDate [groupname=groupe name 1, header=null,footer=null ], GroupDate [groupname=groupe name 1, header=null,footer=null ], GroupDate [groupname=groupe name 1, header=null,footer=null ], GroupDate [groupname=groupe name 1, header=null,footer=null ], GroupDate [groupname=groupe name 1, header=null,footer=null ], GroupDate [groupname=groupe name 1, header=null,footer=null ], GroupDate [groupname=Rob, header=null,footer=null ], GroupDate [groupname=test-1100809476, header=null,footer=null ], GroupDate [groupname=test-261316381, header=null,footer=null ], GroupDate [groupname=test-398119315, header=null,footer=null ], GroupDate [groupname=test1151848112, header=null,footer=null ], GroupDate [groupname=test1273090579, header=null,footer=null ], GroupDate [groupname=test1334278374, header=null,footer=null ], GroupDate [groupname=test1834437594, header=null,footer=null ], GroupDate [groupname=test2049750123, header=null,footer=null ], GroupDate [groupname=test2115190438, header=null,footer=null ], GroupDate [groupname=test761709821, header=null,footer=null ]]]]><![CDATA[>
	at org.testng.AssertJUnit.fail(AssertJUnit.java:59)
	at org.testng.AssertJUnit.failNotEquals(AssertJUnit.java:364)
	at org.testng.AssertJUnit.assertEquals(AssertJUnit.java:80)
	at org.testng.AssertJUnit.assertEquals(AssertJUnit.java:88)
	at com.example.tests.GroupeMidifyTest.modifyGroup(GroupeMidifyTest.java:41)
	at sun.reflect.NativeMethodAccessorImpl.invoke0(Native Method)
	at sun.reflect.NativeMethodAccessorImpl.invoke(Unknown Source)
	at sun.reflect.DelegatingMethodAccessorImpl.invoke(Unknown Source)
	at java.lang.reflect.Method.invoke(Unknown Source)
	at org.testng.internal.MethodInvocationHelper.invokeMethod(MethodInvocationHelper.java:84)
	at org.testng.internal.Invoker.invokeMethod(Invoker.java:714)
	at org.testng.internal.Invoker.invokeTestMethod(Invoker.java:901)
	at org.testng.internal.Invoker.invokeTestMethods(Invoker.java:1231)
	at org.testng.internal.TestMethodWorker.invokeTestMethods(TestMethodWorker.java:127)
	at org.testng.internal.TestMethodWorker.run(TestMethodWorker.java:111)
	at org.testng.TestRunner.privateRun(TestRunner.java:767)
	at org.testng.TestRunner.run(TestRunner.java:617)
	at org.testng.SuiteRunner.runTest(SuiteRunner.java:334)
	at org.testng.SuiteRunner.runSequentially(SuiteRunner.java:329)
	at org.testng.SuiteRunner.privateRun(SuiteRunner.java:291)
	at org.testng.SuiteRunner.run(SuiteRunner.java:240)
	at org.testng.SuiteRunnerWorker.runSuite(SuiteRunnerWorker.java:52)
	at org.testng.SuiteRunnerWorker.run(SuiteRunnerWorker.java:86)
	at org.testng.TestNG.runSuitesSequentially(TestNG.java:1224)
	at org.testng.TestNG.runSuitesLocally(TestNG.java:1149)
	at org.testng.TestNG.run(TestNG.java:1057)
	at org.testng.remote.RemoteTestNG.run(RemoteTestNG.java:111)
	at org.testng.remote.RemoteTestNG.initAndRun(RemoteTestNG.java:204)
	at org.testng.remote.RemoteTestNG.main(RemoteTestNG.java:175)
]]>
    </error>
  </testcase> <!-- modifyGroup -->
  <testcase name="modifyGroup" time="4.180" classname="com.example.tests.GroupeMidifyTest">
    <error type="java.lang.AssertionError" message="expected:&lt;[GroupDate [groupname=, header=null,footer=null ], GroupDate [groupname=, header=null,footer=null ], GroupDate [groupname=2, header=null,footer=null ], GroupDate [groupname=groupe name 1, header=null,footer=null ], GroupDate [groupname=groupe name 1, header=null,footer=null ], GroupDate [groupname=groupe name 1, header=null,footer=null ], GroupDate [groupname=groupe name 1, header=null,footer=null ], GroupDate [groupname=groupe name 1, header=null,footer=null ], GroupDate [groupname=groupe name 1, header=null,footer=null ], GroupDate [groupname=groupe name 1, header=null,footer=null ], GroupDate [groupname=groupe name 1, header=null,footer=null ], GroupDate [groupname=Rob, header=null,footer=null ], GroupDate [groupname=test-1100809476, header=null,footer=null ], GroupDate [groupname=test-1360170399, header=test-379410732,footer=  ], GroupDate [groupname=test-261316381, header=null,footer=null ], GroupDate [groupname=test-398119315, header=null,footer=null ], GroupDate [groupname=test1151848112, header=null,footer=null ], GroupDate [groupname=test1273090579, header=null,footer=null ], GroupDate [groupname=test1334278374, header=null,footer=null ], GroupDate [groupname=test1834437594, header=null,footer=null ], GroupDate [groupname=test2049750123, header=null,footer=null ], GroupDate [groupname=test2115190438, header=null,footer=null ], GroupDate [groupname=test761709821, header=null,footer=null ]]&gt; but was:&lt;[GroupDate [groupname=, header=null,footer=null ], GroupDate [groupname=, header=null,footer=null ], GroupDate [groupname=2, header=null,footer=null ], GroupDate [groupname=groupe name 1, header=null,footer=null ], GroupDate [groupname=groupe name 1, header=null,footer=null ], GroupDate [groupname=groupe name 1, header=null,footer=null ], GroupDate [groupname=groupe name 1, header=null,footer=null ], GroupDate [groupname=groupe name 1, header=null,footer=null ], GroupDate [groupname=groupe name 1, header=null,footer=null ], GroupDate [groupname=groupe name 1, header=null,footer=null ], GroupDate [groupname=groupe name 1, header=null,footer=null ], GroupDate [groupname=groupe name 1, header=null,footer=null ], GroupDate [groupname=Rob, header=null,footer=null ], GroupDate [groupname=test-1100809476, header=null,footer=null ], GroupDate [groupname=test-261316381, header=null,footer=null ], GroupDate [groupname=test-398119315, header=null,footer=null ], GroupDate [groupname=test1151848112, header=null,footer=null ], GroupDate [groupname=test1273090579, header=null,footer=null ], GroupDate [groupname=test1334278374, header=null,footer=null ], GroupDate [groupname=test1834437594, header=null,footer=null ], GroupDate [groupname=test2049750123, header=null,footer=null ], GroupDate [groupname=test2115190438, header=null,footer=null ], GroupDate [groupname=test761709821, header=null,footer=null ]]&gt;">
      <![CDATA[java.lang.AssertionError: expected:<[GroupDate [groupname=, header=null,footer=null ], GroupDate [groupname=, header=null,footer=null ], GroupDate [groupname=2, header=null,footer=null ], GroupDate [groupname=groupe name 1, header=null,footer=null ], GroupDate [groupname=groupe name 1, header=null,footer=null ], GroupDate [groupname=groupe name 1, header=null,footer=null ], GroupDate [groupname=groupe name 1, header=null,footer=null ], GroupDate [groupname=groupe name 1, header=null,footer=null ], GroupDate [groupname=groupe name 1, header=null,footer=null ], GroupDate [groupname=groupe name 1, header=null,footer=null ], GroupDate [groupname=groupe name 1, header=null,footer=null ], GroupDate [groupname=Rob, header=null,footer=null ], GroupDate [groupname=test-1100809476, header=null,footer=null ], GroupDate [groupname=test-1360170399, header=test-379410732,footer=  ], GroupDate [groupname=test-261316381, header=null,footer=null ], GroupDate [groupname=test-398119315, header=null,footer=null ], GroupDate [groupname=test1151848112, header=null,footer=null ], GroupDate [groupname=test1273090579, header=null,footer=null ], GroupDate [groupname=test1334278374, header=null,footer=null ], GroupDate [groupname=test1834437594, header=null,footer=null ], GroupDate [groupname=test2049750123, header=null,footer=null ], GroupDate [groupname=test2115190438, header=null,footer=null ], GroupDate [groupname=test761709821, header=null,footer=null ]]]]><![CDATA[> but was:<[GroupDate [groupname=, header=null,footer=null ], GroupDate [groupname=, header=null,footer=null ], GroupDate [groupname=2, header=null,footer=null ], GroupDate [groupname=groupe name 1, header=null,footer=null ], GroupDate [groupname=groupe name 1, header=null,footer=null ], GroupDate [groupname=groupe name 1, header=null,footer=null ], GroupDate [groupname=groupe name 1, header=null,footer=null ], GroupDate [groupname=groupe name 1, header=null,footer=null ], GroupDate [groupname=groupe name 1, header=null,footer=null ], GroupDate [groupname=groupe name 1, header=null,footer=null ], GroupDate [groupname=groupe name 1, header=null,footer=null ], GroupDate [groupname=groupe name 1, header=null,footer=null ], GroupDate [groupname=Rob, header=null,footer=null ], GroupDate [groupname=test-1100809476, header=null,footer=null ], GroupDate [groupname=test-261316381, header=null,footer=null ], GroupDate [groupname=test-398119315, header=null,footer=null ], GroupDate [groupname=test1151848112, header=null,footer=null ], GroupDate [groupname=test1273090579, header=null,footer=null ], GroupDate [groupname=test1334278374, header=null,footer=null ], GroupDate [groupname=test1834437594, header=null,footer=null ], GroupDate [groupname=test2049750123, header=null,footer=null ], GroupDate [groupname=test2115190438, header=null,footer=null ], GroupDate [groupname=test761709821, header=null,footer=null ]]]]><![CDATA[>
	at org.testng.AssertJUnit.fail(AssertJUnit.java:59)
	at org.testng.AssertJUnit.failNotEquals(AssertJUnit.java:364)
	at org.testng.AssertJUnit.assertEquals(AssertJUnit.java:80)
	at org.testng.AssertJUnit.assertEquals(AssertJUnit.java:88)
	at com.example.tests.GroupeMidifyTest.modifyGroup(GroupeMidifyTest.java:41)
	at sun.reflect.NativeMethodAccessorImpl.invoke0(Native Method)
	at sun.reflect.NativeMethodAccessorImpl.invoke(Unknown Source)
	at sun.reflect.DelegatingMethodAccessorImpl.invoke(Unknown Source)
	at java.lang.reflect.Method.invoke(Unknown Source)
	at org.testng.internal.MethodInvocationHelper.invokeMethod(MethodInvocationHelper.java:84)
	at org.testng.internal.Invoker.invokeMethod(Invoker.java:714)
	at org.testng.internal.Invoker.invokeTestMethod(Invoker.java:901)
	at org.testng.internal.Invoker.invokeTestMethods(Invoker.java:1231)
	at org.testng.internal.TestMethodWorker.invokeTestMethods(TestMethodWorker.java:127)
	at org.testng.internal.TestMethodWorker.run(TestMethodWorker.java:111)
	at org.testng.TestRunner.privateRun(TestRunner.java:767)
	at org.testng.TestRunner.run(TestRunner.java:617)
	at org.testng.SuiteRunner.runTest(SuiteRunner.java:334)
	at org.testng.SuiteRunner.runSequentially(SuiteRunner.java:329)
	at org.testng.SuiteRunner.privateRun(SuiteRunner.java:291)
	at org.testng.SuiteRunner.run(SuiteRunner.java:240)
	at org.testng.SuiteRunnerWorker.runSuite(SuiteRunnerWorker.java:52)
	at org.testng.SuiteRunnerWorker.run(SuiteRunnerWorker.java:86)
	at org.testng.TestNG.runSuitesSequentially(TestNG.java:1224)
	at org.testng.TestNG.runSuitesLocally(TestNG.java:1149)
	at org.testng.TestNG.run(TestNG.java:1057)
	at org.testng.remote.RemoteTestNG.run(RemoteTestNG.java:111)
	at org.testng.remote.RemoteTestNG.initAndRun(RemoteTestNG.java:204)
	at org.testng.remote.RemoteTestNG.main(RemoteTestNG.java:175)
]]>
    </error>
  </testcase> <!-- modifyGroup -->
  <testcase name="modifyGroup" time="5.772" classname="com.example.tests.GroupeMidifyTest">
    <error type="java.lang.AssertionError" message="expected:&lt;[GroupDate [groupname=, header=null,footer=null ], GroupDate [groupname=, header=null,footer=null ], GroupDate [groupname=2, header=null,footer=null ], GroupDate [groupname=groupe name 1, header=null,footer=null ], GroupDate [groupname=groupe name 1, header=null,footer=null ], GroupDate [groupname=groupe name 1, header=null,footer=null ], GroupDate [groupname=groupe name 1, header=null,footer=null ], GroupDate [groupname=groupe name 1, header=null,footer=null ], GroupDate [groupname=groupe name 1, header=null,footer=null ], GroupDate [groupname=groupe name 1, header=null,footer=null ], GroupDate [groupname=groupe name 1, header=null,footer=null ], GroupDate [groupname=Rob, header=null,footer=null ], GroupDate [groupname=test-1100809476, header=null,footer=null ], GroupDate [groupname=test-261316381, header=null,footer=null ], GroupDate [groupname=test-398119315, header=null,footer=null ], GroupDate [groupname=test1151848112, header=null,footer=null ], GroupDate [groupname=test1273090579, header=null,footer=null ], GroupDate [groupname=test1334278374, header=null,footer=null ], GroupDate [groupname=test1834437594, header=null,footer=null ], GroupDate [groupname=test1921814431, header= ,footer=test-461279117 ], GroupDate [groupname=test2049750123, header=null,footer=null ], GroupDate [groupname=test2115190438, header=null,footer=null ], GroupDate [groupname=test761709821, header=null,footer=null ]]&gt; but was:&lt;[GroupDate [groupname=, header=null,footer=null ], GroupDate [groupname=, header=null,footer=null ], GroupDate [groupname=2, header=null,footer=null ], GroupDate [groupname=groupe name 1, header=null,footer=null ], GroupDate [groupname=groupe name 1, header=null,footer=null ], GroupDate [groupname=groupe name 1, header=null,footer=null ], GroupDate [groupname=groupe name 1, header=null,footer=null ], GroupDate [groupname=groupe name 1, header=null,footer=null ], GroupDate [groupname=groupe name 1, header=null,footer=null ], GroupDate [groupname=groupe name 1, header=null,footer=null ], GroupDate [groupname=groupe name 1, header=null,footer=null ], GroupDate [groupname=groupe name 1, header=null,footer=null ], GroupDate [groupname=Rob, header=null,footer=null ], GroupDate [groupname=test-1100809476, header=null,footer=null ], GroupDate [groupname=test-261316381, header=null,footer=null ], GroupDate [groupname=test-398119315, header=null,footer=null ], GroupDate [groupname=test1151848112, header=null,footer=null ], GroupDate [groupname=test1273090579, header=null,footer=null ], GroupDate [groupname=test1334278374, header=null,footer=null ], GroupDate [groupname=test1834437594, header=null,footer=null ], GroupDate [groupname=test2049750123, header=null,footer=null ], GroupDate [groupname=test2115190438, header=null,footer=null ], GroupDate [groupname=test761709821, header=null,footer=null ]]&gt;">
      <![CDATA[java.lang.AssertionError: expected:<[GroupDate [groupname=, header=null,footer=null ], GroupDate [groupname=, header=null,footer=null ], GroupDate [groupname=2, header=null,footer=null ], GroupDate [groupname=groupe name 1, header=null,footer=null ], GroupDate [groupname=groupe name 1, header=null,footer=null ], GroupDate [groupname=groupe name 1, header=null,footer=null ], GroupDate [groupname=groupe name 1, header=null,footer=null ], GroupDate [groupname=groupe name 1, header=null,footer=null ], GroupDate [groupname=groupe name 1, header=null,footer=null ], GroupDate [groupname=groupe name 1, header=null,footer=null ], GroupDate [groupname=groupe name 1, header=null,footer=null ], GroupDate [groupname=Rob, header=null,footer=null ], GroupDate [groupname=test-1100809476, header=null,footer=null ], GroupDate [groupname=test-261316381, header=null,footer=null ], GroupDate [groupname=test-398119315, header=null,footer=null ], GroupDate [groupname=test1151848112, header=null,footer=null ], GroupDate [groupname=test1273090579, header=null,footer=null ], GroupDate [groupname=test1334278374, header=null,footer=null ], GroupDate [groupname=test1834437594, header=null,footer=null ], GroupDate [groupname=test1921814431, header= ,footer=test-461279117 ], GroupDate [groupname=test2049750123, header=null,footer=null ], GroupDate [groupname=test2115190438, header=null,footer=null ], GroupDate [groupname=test761709821, header=null,footer=null ]]]]><![CDATA[> but was:<[GroupDate [groupname=, header=null,footer=null ], GroupDate [groupname=, header=null,footer=null ], GroupDate [groupname=2, header=null,footer=null ], GroupDate [groupname=groupe name 1, header=null,footer=null ], GroupDate [groupname=groupe name 1, header=null,footer=null ], GroupDate [groupname=groupe name 1, header=null,footer=null ], GroupDate [groupname=groupe name 1, header=null,footer=null ], GroupDate [groupname=groupe name 1, header=null,footer=null ], GroupDate [groupname=groupe name 1, header=null,footer=null ], GroupDate [groupname=groupe name 1, header=null,footer=null ], GroupDate [groupname=groupe name 1, header=null,footer=null ], GroupDate [groupname=groupe name 1, header=null,footer=null ], GroupDate [groupname=Rob, header=null,footer=null ], GroupDate [groupname=test-1100809476, header=null,footer=null ], GroupDate [groupname=test-261316381, header=null,footer=null ], GroupDate [groupname=test-398119315, header=null,footer=null ], GroupDate [groupname=test1151848112, header=null,footer=null ], GroupDate [groupname=test1273090579, header=null,footer=null ], GroupDate [groupname=test1334278374, header=null,footer=null ], GroupDate [groupname=test1834437594, header=null,footer=null ], GroupDate [groupname=test2049750123, header=null,footer=null ], GroupDate [groupname=test2115190438, header=null,footer=null ], GroupDate [groupname=test761709821, header=null,footer=null ]]]]><![CDATA[>
	at org.testng.AssertJUnit.fail(AssertJUnit.java:59)
	at org.testng.AssertJUnit.failNotEquals(AssertJUnit.java:364)
	at org.testng.AssertJUnit.assertEquals(AssertJUnit.java:80)
	at org.testng.AssertJUnit.assertEquals(AssertJUnit.java:88)
	at com.example.tests.GroupeMidifyTest.modifyGroup(GroupeMidifyTest.java:41)
	at sun.reflect.NativeMethodAccessorImpl.invoke0(Native Method)
	at sun.reflect.NativeMethodAccessorImpl.invoke(Unknown Source)
	at sun.reflect.DelegatingMethodAccessorImpl.invoke(Unknown Source)
	at java.lang.reflect.Method.invoke(Unknown Source)
	at org.testng.internal.MethodInvocationHelper.invokeMethod(MethodInvocationHelper.java:84)
	at org.testng.internal.Invoker.invokeMethod(Invoker.java:714)
	at org.testng.internal.Invoker.invokeTestMethod(Invoker.java:901)
	at org.testng.internal.Invoker.invokeTestMethods(Invoker.java:1231)
	at org.testng.internal.TestMethodWorker.invokeTestMethods(TestMethodWorker.java:127)
	at org.testng.internal.TestMethodWorker.run(TestMethodWorker.java:111)
	at org.testng.TestRunner.privateRun(TestRunner.java:767)
	at org.testng.TestRunner.run(TestRunner.java:617)
	at org.testng.SuiteRunner.runTest(SuiteRunner.java:334)
	at org.testng.SuiteRunner.runSequentially(SuiteRunner.java:329)
	at org.testng.SuiteRunner.privateRun(SuiteRunner.java:291)
	at org.testng.SuiteRunner.run(SuiteRunner.java:240)
	at org.testng.SuiteRunnerWorker.runSuite(SuiteRunnerWorker.java:52)
	at org.testng.SuiteRunnerWorker.run(SuiteRunnerWorker.java:86)
	at org.testng.TestNG.runSuitesSequentially(TestNG.java:1224)
	at org.testng.TestNG.runSuitesLocally(TestNG.java:1149)
	at org.testng.TestNG.run(TestNG.java:1057)
	at org.testng.remote.RemoteTestNG.run(RemoteTestNG.java:111)
	at org.testng.remote.RemoteTestNG.initAndRun(RemoteTestNG.java:204)
	at org.testng.remote.RemoteTestNG.main(RemoteTestNG.java:175)
]]>
    </error>
  </testcase> <!-- modifyGroup -->
</testsuite> <!-- com.example.tests.GroupeMidifyTest -->
